#-----------------------------------------------------------
# Vivado v2018.3 (64-bit)
# SW Build 2405991 on Thu Dec  6 23:38:27 MST 2018
# IP Build 2404404 on Fri Dec  7 01:43:56 MST 2018
# Start of session at: Sat Jul 27 11:43:14 2019
# Process ID: 2944
# Current directory: D:/microcontroller/vivadodesign/addsub
# Command line: vivado.exe -gui_launcher_event rodinguilauncherevent7744 D:\microcontroller\vivadodesign\addsub\addsub.xpr
# Log file: D:/microcontroller/vivadodesign/addsub/vivado.log
# Journal file: D:/microcontroller/vivadodesign/addsub\vivado.jou
#-----------------------------------------------------------
start_gui
open_project D:/microcontroller/vivadodesign/addsub/addsub.xpr
Scanning sources...
Finished scanning sources
INFO: [IP_Flow 19-234] Refreshing IP repositories
INFO: [IP_Flow 19-1704] No user IP repositories specified
INFO: [IP_Flow 19-2313] Loaded Vivado IP repository 'D:/Xilinx/Vivado/2018.3/data/ip'.
open_project: Time (s): cpu = 00:00:20 ; elapsed = 00:00:23 . Memory (MB): peak = 762.551 ; gain = 181.977
update_compile_order -fileset sources_1
update_compile_order -fileset sources_1
update_compile_order -fileset sources_1
update_compile_order -fileset sources_1
reset_run synth_1
launch_runs synth_1 -jobs 3
[Sat Jul 27 12:27:41 2019] Launched synth_1...
Run output will be captured here: D:/microcontroller/vivadodesign/addsub/addsub.runs/synth_1/runme.log
synth_design -rtl -name rtl_1
Command: synth_design -rtl -name rtl_1
Starting synth_design
Using part: xc7a100tcsg324-1
Top: addsub
---------------------------------------------------------------------------------
Starting RTL Elaboration : Time (s): cpu = 00:00:03 ; elapsed = 00:00:02 . Memory (MB): peak = 909.371 ; gain = 96.988
---------------------------------------------------------------------------------
INFO: [Synth 8-6157] synthesizing module 'addsub' [D:/microcontroller/vivadodesign/addsub/addsub.srcs/sources_1/new/addsub.v:23]
INFO: [Synth 8-6157] synthesizing module 'fulladder' [D:/microcontroller/vivadodesign/fulladder/fulladder.srcs/sources_1/new/fulladder.v:23]
INFO: [Synth 8-6157] synthesizing module 'halfadder' [D:/microcontroller/vivadodesign/halfadder/halfadder.srcs/sources_1/new/halfadder.v:23]
INFO: [Synth 8-6155] done synthesizing module 'halfadder' (1#1) [D:/microcontroller/vivadodesign/halfadder/halfadder.srcs/sources_1/new/halfadder.v:23]
INFO: [Synth 8-6155] done synthesizing module 'fulladder' (2#1) [D:/microcontroller/vivadodesign/fulladder/fulladder.srcs/sources_1/new/fulladder.v:23]
INFO: [Synth 8-6155] done synthesizing module 'addsub' (3#1) [D:/microcontroller/vivadodesign/addsub/addsub.srcs/sources_1/new/addsub.v:23]
---------------------------------------------------------------------------------
Finished RTL Elaboration : Time (s): cpu = 00:00:03 ; elapsed = 00:00:03 . Memory (MB): peak = 918.840 ; gain = 106.457
---------------------------------------------------------------------------------

Report Check Netlist: 
+------+------------------+-------+---------+-------+------------------+
|      |Item              |Errors |Warnings |Status |Description       |
+------+------------------+-------+---------+-------+------------------+
|1     |multi_driven_nets |      0|        0|Passed |Multi driven nets |
+------+------------------+-------+---------+-------+------------------+
---------------------------------------------------------------------------------
Start Handling Custom Attributes
---------------------------------------------------------------------------------
---------------------------------------------------------------------------------
Finished Handling Custom Attributes : Time (s): cpu = 00:00:04 ; elapsed = 00:00:03 . Memory (MB): peak = 918.840 ; gain = 106.457
---------------------------------------------------------------------------------
---------------------------------------------------------------------------------
Finished RTL Optimization Phase 1 : Time (s): cpu = 00:00:04 ; elapsed = 00:00:03 . Memory (MB): peak = 918.840 ; gain = 106.457
---------------------------------------------------------------------------------
INFO: [Device 21-403] Loading part xc7a100tcsg324-1
INFO: [Project 1-570] Preparing netlist for logic optimization

Processing XDC Constraints
Initializing timing engine
Completed Processing XDC Constraints

INFO: [Opt 31-138] Pushed 0 inverter(s) to 0 load pin(s).
Netlist sorting complete. Time (s): cpu = 00:00:00 ; elapsed = 00:00:00 . Memory (MB): peak = 1239.996 ; gain = 0.000
INFO: [Project 1-111] Unisim Transformation Summary:
No Unisim elements were transformed.

RTL Elaboration Complete:  : Time (s): cpu = 00:00:21 ; elapsed = 00:00:16 . Memory (MB): peak = 1300.461 ; gain = 488.078
10 Infos, 0 Warnings, 0 Critical Warnings and 0 Errors encountered.
synth_design completed successfully
synth_design: Time (s): cpu = 00:00:21 ; elapsed = 00:00:16 . Memory (MB): peak = 1300.461 ; gain = 488.078
file mkdir D:/microcontroller/vivadodesign/addsub/addsub.srcs/sim_1/new
set_property SOURCE_SET sources_1 [get_filesets sim_1]
close [ open D:/microcontroller/vivadodesign/addsub/addsub.srcs/sim_1/new/addsubsim.v w ]
add_files -fileset sim_1 D:/microcontroller/vivadodesign/addsub/addsub.srcs/sim_1/new/addsubsim.v
update_compile_order -fileset sim_1
update_compile_order -fileset sim_1
launch_simulation
INFO: [Vivado 12-5682] Launching behavioral simulation in 'D:/microcontroller/vivadodesign/addsub/addsub.sim/sim_1/behav/xsim'
INFO: [SIM-utils-51] Simulation object is 'sim_1'
INFO: [SIM-utils-54] Inspecting design source files for 'addsubsim' in fileset 'sim_1'...
INFO: [USF-XSim-97] Finding global include files...
INFO: [USF-XSim-98] Fetching design files from 'sim_1'...
INFO: [USF-XSim-2] XSim::Compile design
INFO: [USF-XSim-61] Executing 'COMPILE and ANALYZE' step in 'D:/microcontroller/vivadodesign/addsub/addsub.sim/sim_1/behav/xsim'
"xvlog --incr --relax -prj addsubsim_vlog.prj"
INFO: [VRFC 10-2263] Analyzing Verilog file "D:/microcontroller/vivadodesign/addsub/addsub.srcs/sources_1/new/addsub.v" into library xil_defaultlib
INFO: [VRFC 10-311] analyzing module addsub
INFO: [VRFC 10-2263] Analyzing Verilog file "D:/microcontroller/vivadodesign/fulladder/fulladder.srcs/sources_1/new/fulladder.v" into library xil_defaultlib
INFO: [VRFC 10-311] analyzing module fulladder
INFO: [VRFC 10-2263] Analyzing Verilog file "D:/microcontroller/vivadodesign/halfadder/halfadder.srcs/sources_1/new/halfadder.v" into library xil_defaultlib
INFO: [VRFC 10-311] analyzing module halfadder
INFO: [VRFC 10-2263] Analyzing Verilog file "D:/microcontroller/vivadodesign/addsub/addsub.srcs/sim_1/new/addsubsim.v" into library xil_defaultlib
INFO: [VRFC 10-311] analyzing module addsubsim
INFO: [VRFC 10-2263] Analyzing Verilog file "D:/microcontroller/vivadodesign/addsub/addsub.sim/sim_1/behav/xsim/glbl.v" into library xil_defaultlib
INFO: [VRFC 10-311] analyzing module glbl
INFO: [USF-XSim-69] 'compile' step finished in '4' seconds
INFO: [USF-XSim-3] XSim::Elaborate design
INFO: [USF-XSim-61] Executing 'ELABORATE' step in 'D:/microcontroller/vivadodesign/addsub/addsub.sim/sim_1/behav/xsim'
Vivado Simulator 2018.3
Copyright 1986-1999, 2001-2018 Xilinx, Inc. All Rights Reserved.
Running: D:/Xilinx/Vivado/2018.3/bin/unwrapped/win64.o/xelab.exe -wto 05af35f7a551482ba936c43f0955f797 --incr --debug typical --relax --mt 2 -L xil_defaultlib -L unisims_ver -L unimacro_ver -L secureip --snapshot addsubsim_behav xil_defaultlib.addsubsim xil_defaultlib.glbl -log elaborate.log 
Using 2 slave threads.
Starting static elaboration
ERROR: [VRFC 10-2538] module instantiation should have an instance name [D:/microcontroller/vivadodesign/addsub/addsub.srcs/sim_1/new/addsubsim.v:30]
ERROR: [XSIM 43-3322] Static elaboration of top level Verilog design unit(s) in library work failed.
INFO: [USF-XSim-69] 'elaborate' step finished in '2' seconds
INFO: [USF-XSim-99] Step results log file:'D:/microcontroller/vivadodesign/addsub/addsub.sim/sim_1/behav/xsim/elaborate.log'
ERROR: [USF-XSim-62] 'elaborate' step failed with error(s). Please check the Tcl console output or 'D:/microcontroller/vivadodesign/addsub/addsub.sim/sim_1/behav/xsim/elaborate.log' file for more information.
ERROR: [Vivado 12-4473] Detected error while running simulation. Please correct the issue and retry this operation.
launch_simulation: Time (s): cpu = 00:00:01 ; elapsed = 00:00:07 . Memory (MB): peak = 1301.051 ; gain = 0.000
ERROR: [Common 17-39] 'launch_simulation' failed due to earlier errors.
launch_simulation
INFO: [Vivado 12-5682] Launching behavioral simulation in 'D:/microcontroller/vivadodesign/addsub/addsub.sim/sim_1/behav/xsim'
INFO: [SIM-utils-51] Simulation object is 'sim_1'
INFO: [SIM-utils-54] Inspecting design source files for 'addsubsim' in fileset 'sim_1'...
INFO: [USF-XSim-97] Finding global include files...
INFO: [USF-XSim-98] Fetching design files from 'sim_1'...
INFO: [USF-XSim-2] XSim::Compile design
INFO: [USF-XSim-61] Executing 'COMPILE and ANALYZE' step in 'D:/microcontroller/vivadodesign/addsub/addsub.sim/sim_1/behav/xsim'
"xvlog --incr --relax -prj addsubsim_vlog.prj"
INFO: [VRFC 10-2263] Analyzing Verilog file "D:/microcontroller/vivadodesign/addsub/addsub.srcs/sources_1/new/addsub.v" into library xil_defaultlib
INFO: [VRFC 10-311] analyzing module addsub
INFO: [VRFC 10-2263] Analyzing Verilog file "D:/microcontroller/vivadodesign/fulladder/fulladder.srcs/sources_1/new/fulladder.v" into library xil_defaultlib
INFO: [VRFC 10-311] analyzing module fulladder
INFO: [VRFC 10-2263] Analyzing Verilog file "D:/microcontroller/vivadodesign/halfadder/halfadder.srcs/sources_1/new/halfadder.v" into library xil_defaultlib
INFO: [VRFC 10-311] analyzing module halfadder
INFO: [VRFC 10-2263] Analyzing Verilog file "D:/microcontroller/vivadodesign/addsub/addsub.srcs/sim_1/new/addsubsim.v" into library xil_defaultlib
INFO: [VRFC 10-311] analyzing module addsubsim
INFO: [USF-XSim-69] 'compile' step finished in '1' seconds
INFO: [USF-XSim-3] XSim::Elaborate design
INFO: [USF-XSim-61] Executing 'ELABORATE' step in 'D:/microcontroller/vivadodesign/addsub/addsub.sim/sim_1/behav/xsim'
Vivado Simulator 2018.3
Copyright 1986-1999, 2001-2018 Xilinx, Inc. All Rights Reserved.
Running: D:/Xilinx/Vivado/2018.3/bin/unwrapped/win64.o/xelab.exe -wto 05af35f7a551482ba936c43f0955f797 --incr --debug typical --relax --mt 2 -L xil_defaultlib -L unisims_ver -L unimacro_ver -L secureip --snapshot addsubsim_behav xil_defaultlib.addsubsim xil_defaultlib.glbl -log elaborate.log 
Using 2 slave threads.
Starting static elaboration
ERROR: [VRFC 10-2538] module instantiation should have an instance name [D:/microcontroller/vivadodesign/addsub/addsub.srcs/sim_1/new/addsubsim.v:30]
ERROR: [XSIM 43-3322] Static elaboration of top level Verilog design unit(s) in library work failed.
INFO: [USF-XSim-69] 'elaborate' step finished in '1' seconds
INFO: [USF-XSim-99] Step results log file:'D:/microcontroller/vivadodesign/addsub/addsub.sim/sim_1/behav/xsim/elaborate.log'
ERROR: [USF-XSim-62] 'elaborate' step failed with error(s). Please check the Tcl console output or 'D:/microcontroller/vivadodesign/addsub/addsub.sim/sim_1/behav/xsim/elaborate.log' file for more information.
ERROR: [Vivado 12-4473] Detected error while running simulation. Please correct the issue and retry this operation.
ERROR: [Common 17-39] 'launch_simulation' failed due to earlier errors.
launch_simulation
INFO: [Vivado 12-5682] Launching behavioral simulation in 'D:/microcontroller/vivadodesign/addsub/addsub.sim/sim_1/behav/xsim'
INFO: [SIM-utils-51] Simulation object is 'sim_1'
INFO: [SIM-utils-54] Inspecting design source files for 'addsubsim' in fileset 'sim_1'...
INFO: [USF-XSim-97] Finding global include files...
INFO: [USF-XSim-98] Fetching design files from 'sim_1'...
INFO: [USF-XSim-2] XSim::Compile design
INFO: [USF-XSim-61] Executing 'COMPILE and ANALYZE' step in 'D:/microcontroller/vivadodesign/addsub/addsub.sim/sim_1/behav/xsim'
"xvlog --incr --relax -prj addsubsim_vlog.prj"
INFO: [VRFC 10-2263] Analyzing Verilog file "D:/microcontroller/vivadodesign/addsub/addsub.srcs/sources_1/new/addsub.v" into library xil_defaultlib
INFO: [VRFC 10-311] analyzing module addsub
INFO: [VRFC 10-2263] Analyzing Verilog file "D:/microcontroller/vivadodesign/fulladder/fulladder.srcs/sources_1/new/fulladder.v" into library xil_defaultlib
INFO: [VRFC 10-311] analyzing module fulladder
INFO: [VRFC 10-2263] Analyzing Verilog file "D:/microcontroller/vivadodesign/halfadder/halfadder.srcs/sources_1/new/halfadder.v" into library xil_defaultlib
INFO: [VRFC 10-311] analyzing module halfadder
INFO: [VRFC 10-2263] Analyzing Verilog file "D:/microcontroller/vivadodesign/addsub/addsub.srcs/sim_1/new/addsubsim.v" into library xil_defaultlib
INFO: [VRFC 10-311] analyzing module addsubsim
INFO: [USF-XSim-69] 'compile' step finished in '2' seconds
INFO: [USF-XSim-3] XSim::Elaborate design
INFO: [USF-XSim-61] Executing 'ELABORATE' step in 'D:/microcontroller/vivadodesign/addsub/addsub.sim/sim_1/behav/xsim'
Vivado Simulator 2018.3
Copyright 1986-1999, 2001-2018 Xilinx, Inc. All Rights Reserved.
Running: D:/Xilinx/Vivado/2018.3/bin/unwrapped/win64.o/xelab.exe -wto 05af35f7a551482ba936c43f0955f797 --incr --debug typical --relax --mt 2 -L xil_defaultlib -L unisims_ver -L unimacro_ver -L secureip --snapshot addsubsim_behav xil_defaultlib.addsubsim xil_defaultlib.glbl -log elaborate.log 
Using 2 slave threads.
Starting static elaboration
ERROR: [VRFC 10-2538] module instantiation should have an instance name [D:/microcontroller/vivadodesign/addsub/addsub.srcs/sim_1/new/addsubsim.v:30]
ERROR: [XSIM 43-3322] Static elaboration of top level Verilog design unit(s) in library work failed.
INFO: [USF-XSim-69] 'elaborate' step finished in '2' seconds
INFO: [USF-XSim-99] Step results log file:'D:/microcontroller/vivadodesign/addsub/addsub.sim/sim_1/behav/xsim/elaborate.log'
ERROR: [USF-XSim-62] 'elaborate' step failed with error(s). Please check the Tcl console output or 'D:/microcontroller/vivadodesign/addsub/addsub.sim/sim_1/behav/xsim/elaborate.log' file for more information.
ERROR: [Vivado 12-4473] Detected error while running simulation. Please correct the issue and retry this operation.
ERROR: [Common 17-39] 'launch_simulation' failed due to earlier errors.
launch_simulation
INFO: [Vivado 12-5682] Launching behavioral simulation in 'D:/microcontroller/vivadodesign/addsub/addsub.sim/sim_1/behav/xsim'
INFO: [SIM-utils-51] Simulation object is 'sim_1'
INFO: [SIM-utils-54] Inspecting design source files for 'addsubsim' in fileset 'sim_1'...
INFO: [USF-XSim-97] Finding global include files...
INFO: [USF-XSim-98] Fetching design files from 'sim_1'...
INFO: [USF-XSim-2] XSim::Compile design
INFO: [USF-XSim-61] Executing 'COMPILE and ANALYZE' step in 'D:/microcontroller/vivadodesign/addsub/addsub.sim/sim_1/behav/xsim'
"xvlog --incr --relax -prj addsubsim_vlog.prj"
INFO: [VRFC 10-2263] Analyzing Verilog file "D:/microcontroller/vivadodesign/addsub/addsub.srcs/sources_1/new/addsub.v" into library xil_defaultlib
INFO: [VRFC 10-311] analyzing module addsub
INFO: [VRFC 10-2263] Analyzing Verilog file "D:/microcontroller/vivadodesign/fulladder/fulladder.srcs/sources_1/new/fulladder.v" into library xil_defaultlib
INFO: [VRFC 10-311] analyzing module fulladder
INFO: [VRFC 10-2263] Analyzing Verilog file "D:/microcontroller/vivadodesign/halfadder/halfadder.srcs/sources_1/new/halfadder.v" into library xil_defaultlib
INFO: [VRFC 10-311] analyzing module halfadder
INFO: [VRFC 10-2263] Analyzing Verilog file "D:/microcontroller/vivadodesign/addsub/addsub.srcs/sim_1/new/addsubsim.v" into library xil_defaultlib
INFO: [VRFC 10-311] analyzing module addsubsim
INFO: [USF-XSim-69] 'compile' step finished in '1' seconds
INFO: [USF-XSim-3] XSim::Elaborate design
INFO: [USF-XSim-61] Executing 'ELABORATE' step in 'D:/microcontroller/vivadodesign/addsub/addsub.sim/sim_1/behav/xsim'
Vivado Simulator 2018.3
Copyright 1986-1999, 2001-2018 Xilinx, Inc. All Rights Reserved.
Running: D:/Xilinx/Vivado/2018.3/bin/unwrapped/win64.o/xelab.exe -wto 05af35f7a551482ba936c43f0955f797 --incr --debug typical --relax --mt 2 -L xil_defaultlib -L unisims_ver -L unimacro_ver -L secureip --snapshot addsubsim_behav xil_defaultlib.addsubsim xil_defaultlib.glbl -log elaborate.log 
Using 2 slave threads.
Starting static elaboration
Completed static elaboration
Starting simulation data flow analysis
Completed simulation data flow analysis
Time Resolution for simulation is 1ps
Compiling module xil_defaultlib.halfadder
Compiling module xil_defaultlib.fulladder
Compiling module xil_defaultlib.addsub
Compiling module xil_defaultlib.addsubsim
Compiling module xil_defaultlib.glbl
Built simulation snapshot addsubsim_behav

****** Webtalk v2018.3 (64-bit)
  **** SW Build 2405991 on Thu Dec  6 23:38:27 MST 2018
  **** IP Build 2404404 on Fri Dec  7 01:43:56 MST 2018
    ** Copyright 1986-2018 Xilinx, Inc. All Rights Reserved.

source D:/microcontroller/vivadodesign/addsub/addsub.sim/sim_1/behav/xsim/xsim.dir/addsubsim_behav/webtalk/xsim_webtalk.tcl -notrace
webtalk_transmit: Time (s): cpu = 00:00:00 ; elapsed = 00:00:08 . Memory (MB): peak = 83.645 ; gain = 0.000
INFO: [Common 17-206] Exiting Webtalk at Sat Jul 27 12:46:50 2019...
run_program: Time (s): cpu = 00:00:00 ; elapsed = 00:00:14 . Memory (MB): peak = 1301.051 ; gain = 0.000
INFO: [USF-XSim-69] 'elaborate' step finished in '14' seconds
INFO: [USF-XSim-4] XSim::Simulate design
INFO: [USF-XSim-61] Executing 'SIMULATE' step in 'D:/microcontroller/vivadodesign/addsub/addsub.sim/sim_1/behav/xsim'
INFO: [USF-XSim-98] *** Running xsim
   with args "addsubsim_behav -key {Behavioral:sim_1:Functional:addsubsim} -tclbatch {addsubsim.tcl} -log {simulate.log}"
INFO: [USF-XSim-8] Loading simulator feature
Vivado Simulator 2018.3
Time resolution is 1 ps
source addsubsim.tcl
# set curr_wave [current_wave_config]
# if { [string length $curr_wave] == 0 } {
#   if { [llength [get_objects]] > 0} {
#     add_wave /
#     set_property needs_save false [current_wave_config]
#   } else {
#      send_msg_id Add_Wave-1 WARNING "No top level signals found. Simulator will start without a wave window. If you want to open a wave window go to 'File->New Waveform Configuration' or type 'create_wave_config' in the TCL console."
#   }
# }
# run 1000ns
INFO: [USF-XSim-96] XSim completed. Design snapshot 'addsubsim_behav' loaded.
INFO: [USF-XSim-97] XSim simulation ran for 1000ns
launch_simulation: Time (s): cpu = 00:00:06 ; elapsed = 00:00:20 . Memory (MB): peak = 1303.063 ; gain = 2.012
close_sim
INFO: [Simtcl 6-16] Simulation closed
close_sim: Time (s): cpu = 00:00:02 ; elapsed = 00:00:11 . Memory (MB): peak = 1309.820 ; gain = 0.000
launch_simulation
INFO: [Vivado 12-5682] Launching behavioral simulation in 'D:/microcontroller/vivadodesign/addsub/addsub.sim/sim_1/behav/xsim'
INFO: [SIM-utils-51] Simulation object is 'sim_1'
INFO: [SIM-utils-54] Inspecting design source files for 'addsubsim' in fileset 'sim_1'...
INFO: [USF-XSim-97] Finding global include files...
INFO: [USF-XSim-98] Fetching design files from 'sim_1'...
INFO: [USF-XSim-2] XSim::Compile design
INFO: [USF-XSim-61] Executing 'COMPILE and ANALYZE' step in 'D:/microcontroller/vivadodesign/addsub/addsub.sim/sim_1/behav/xsim'
"xvlog --incr --relax -prj addsubsim_vlog.prj"
INFO: [VRFC 10-2263] Analyzing Verilog file "D:/microcontroller/vivadodesign/addsub/addsub.srcs/sources_1/new/addsub.v" into library xil_defaultlib
INFO: [VRFC 10-311] analyzing module addsub
INFO: [VRFC 10-2263] Analyzing Verilog file "D:/microcontroller/vivadodesign/fulladder/fulladder.srcs/sources_1/new/fulladder.v" into library xil_defaultlib
INFO: [VRFC 10-311] analyzing module fulladder
INFO: [VRFC 10-2263] Analyzing Verilog file "D:/microcontroller/vivadodesign/halfadder/halfadder.srcs/sources_1/new/halfadder.v" into library xil_defaultlib
INFO: [VRFC 10-311] analyzing module halfadder
INFO: [VRFC 10-2263] Analyzing Verilog file "D:/microcontroller/vivadodesign/addsub/addsub.srcs/sim_1/new/addsubsim.v" into library xil_defaultlib
INFO: [VRFC 10-311] analyzing module addsubsim
INFO: [USF-XSim-69] 'compile' step finished in '2' seconds
INFO: [USF-XSim-3] XSim::Elaborate design
INFO: [USF-XSim-61] Executing 'ELABORATE' step in 'D:/microcontroller/vivadodesign/addsub/addsub.sim/sim_1/behav/xsim'
Vivado Simulator 2018.3
Copyright 1986-1999, 2001-2018 Xilinx, Inc. All Rights Reserved.
Running: D:/Xilinx/Vivado/2018.3/bin/unwrapped/win64.o/xelab.exe -wto 05af35f7a551482ba936c43f0955f797 --incr --debug typical --relax --mt 2 -L xil_defaultlib -L unisims_ver -L unimacro_ver -L secureip --snapshot addsubsim_behav xil_defaultlib.addsubsim xil_defaultlib.glbl -log elaborate.log 
Using 2 slave threads.
Starting static elaboration
Completed static elaboration
Starting simulation data flow analysis
Completed simulation data flow analysis
Time Resolution for simulation is 1ps
Compiling module xil_defaultlib.halfadder
Compiling module xil_defaultlib.fulladder
Compiling module xil_defaultlib.addsub
Compiling module xil_defaultlib.addsubsim
Compiling module xil_defaultlib.glbl
Built simulation snapshot addsubsim_behav
INFO: [USF-XSim-69] 'elaborate' step finished in '2' seconds
INFO: [USF-XSim-4] XSim::Simulate design
INFO: [USF-XSim-61] Executing 'SIMULATE' step in 'D:/microcontroller/vivadodesign/addsub/addsub.sim/sim_1/behav/xsim'
INFO: [USF-XSim-98] *** Running xsim
   with args "addsubsim_behav -key {Behavioral:sim_1:Functional:addsubsim} -tclbatch {addsubsim.tcl} -log {simulate.log}"
INFO: [USF-XSim-8] Loading simulator feature
Vivado Simulator 2018.3
Time resolution is 1 ps
source addsubsim.tcl
# set curr_wave [current_wave_config]
# if { [string length $curr_wave] == 0 } {
#   if { [llength [get_objects]] > 0} {
#     add_wave /
#     set_property needs_save false [current_wave_config]
#   } else {
#      send_msg_id Add_Wave-1 WARNING "No top level signals found. Simulator will start without a wave window. If you want to open a wave window go to 'File->New Waveform Configuration' or type 'create_wave_config' in the TCL console."
#   }
# }
# run 1000ns
INFO: [USF-XSim-96] XSim completed. Design snapshot 'addsubsim_behav' loaded.
INFO: [USF-XSim-97] XSim simulation ran for 1000ns
launch_simulation: Time (s): cpu = 00:00:04 ; elapsed = 00:00:07 . Memory (MB): peak = 1309.820 ; gain = 0.000
relaunch_sim
INFO: [Vivado 12-5682] Launching behavioral simulation in 'D:/microcontroller/vivadodesign/addsub/addsub.sim/sim_1/behav/xsim'
INFO: [SIM-utils-51] Simulation object is 'sim_1'
INFO: [SIM-utils-54] Inspecting design source files for 'addsubsim' in fileset 'sim_1'...
INFO: [USF-XSim-97] Finding global include files...
INFO: [USF-XSim-98] Fetching design files from 'sim_1'...
INFO: [USF-XSim-2] XSim::Compile design
INFO: [USF-XSim-61] Executing 'COMPILE and ANALYZE' step in 'D:/microcontroller/vivadodesign/addsub/addsub.sim/sim_1/behav/xsim'
"xvlog --incr --relax -prj addsubsim_vlog.prj"
INFO: [VRFC 10-2263] Analyzing Verilog file "D:/microcontroller/vivadodesign/addsub/addsub.srcs/sources_1/new/addsub.v" into library xil_defaultlib
INFO: [VRFC 10-311] analyzing module addsub
INFO: [VRFC 10-2263] Analyzing Verilog file "D:/microcontroller/vivadodesign/fulladder/fulladder.srcs/sources_1/new/fulladder.v" into library xil_defaultlib
INFO: [VRFC 10-311] analyzing module fulladder
INFO: [VRFC 10-2263] Analyzing Verilog file "D:/microcontroller/vivadodesign/halfadder/halfadder.srcs/sources_1/new/halfadder.v" into library xil_defaultlib
INFO: [VRFC 10-311] analyzing module halfadder
INFO: [VRFC 10-2263] Analyzing Verilog file "D:/microcontroller/vivadodesign/addsub/addsub.srcs/sim_1/new/addsubsim.v" into library xil_defaultlib
INFO: [VRFC 10-311] analyzing module addsubsim
INFO: [USF-XSim-69] 'compile' step finished in '2' seconds
INFO: [Vivado 12-5682] Launching behavioral simulation in 'D:/microcontroller/vivadodesign/addsub/addsub.sim/sim_1/behav/xsim'
INFO: [USF-XSim-3] XSim::Elaborate design
INFO: [USF-XSim-61] Executing 'ELABORATE' step in 'D:/microcontroller/vivadodesign/addsub/addsub.sim/sim_1/behav/xsim'
Vivado Simulator 2018.3
Copyright 1986-1999, 2001-2018 Xilinx, Inc. All Rights Reserved.
Running: D:/Xilinx/Vivado/2018.3/bin/unwrapped/win64.o/xelab.exe -wto 05af35f7a551482ba936c43f0955f797 --incr --debug typical --relax --mt 2 -L xil_defaultlib -L unisims_ver -L unimacro_ver -L secureip --snapshot addsubsim_behav xil_defaultlib.addsubsim xil_defaultlib.glbl -log elaborate.log 
Using 2 slave threads.
Starting static elaboration
Completed static elaboration
Starting simulation data flow analysis
Completed simulation data flow analysis
Time Resolution for simulation is 1ps
Compiling module xil_defaultlib.halfadder
Compiling module xil_defaultlib.fulladder
Compiling module xil_defaultlib.addsub
Compiling module xil_defaultlib.addsubsim
Compiling module xil_defaultlib.glbl
Built simulation snapshot addsubsim_behav
INFO: [USF-XSim-69] 'elaborate' step finished in '2' seconds
Vivado Simulator 2018.3
Time resolution is 1 ps
relaunch_sim: Time (s): cpu = 00:00:02 ; elapsed = 00:00:07 . Memory (MB): peak = 1311.410 ; gain = 1.145
relaunch_sim
INFO: [Vivado 12-5682] Launching behavioral simulation in 'D:/microcontroller/vivadodesign/addsub/addsub.sim/sim_1/behav/xsim'
INFO: [SIM-utils-51] Simulation object is 'sim_1'
INFO: [SIM-utils-54] Inspecting design source files for 'addsubsim' in fileset 'sim_1'...
INFO: [USF-XSim-97] Finding global include files...
INFO: [USF-XSim-98] Fetching design files from 'sim_1'...
INFO: [USF-XSim-2] XSim::Compile design
INFO: [USF-XSim-61] Executing 'COMPILE and ANALYZE' step in 'D:/microcontroller/vivadodesign/addsub/addsub.sim/sim_1/behav/xsim'
"xvlog --incr --relax -prj addsubsim_vlog.prj"
INFO: [VRFC 10-2263] Analyzing Verilog file "D:/microcontroller/vivadodesign/addsub/addsub.srcs/sources_1/new/addsub.v" into library xil_defaultlib
INFO: [VRFC 10-311] analyzing module addsub
INFO: [VRFC 10-2263] Analyzing Verilog file "D:/microcontroller/vivadodesign/fulladder/fulladder.srcs/sources_1/new/fulladder.v" into library xil_defaultlib
INFO: [VRFC 10-311] analyzing module fulladder
INFO: [VRFC 10-2263] Analyzing Verilog file "D:/microcontroller/vivadodesign/halfadder/halfadder.srcs/sources_1/new/halfadder.v" into library xil_defaultlib
INFO: [VRFC 10-311] analyzing module halfadder
INFO: [VRFC 10-2263] Analyzing Verilog file "D:/microcontroller/vivadodesign/addsub/addsub.srcs/sim_1/new/addsubsim.v" into library xil_defaultlib
INFO: [VRFC 10-311] analyzing module addsubsim
INFO: [USF-XSim-69] 'compile' step finished in '1' seconds
INFO: [Vivado 12-5682] Launching behavioral simulation in 'D:/microcontroller/vivadodesign/addsub/addsub.sim/sim_1/behav/xsim'
INFO: [USF-XSim-3] XSim::Elaborate design
INFO: [USF-XSim-61] Executing 'ELABORATE' step in 'D:/microcontroller/vivadodesign/addsub/addsub.sim/sim_1/behav/xsim'
Vivado Simulator 2018.3
Copyright 1986-1999, 2001-2018 Xilinx, Inc. All Rights Reserved.
Running: D:/Xilinx/Vivado/2018.3/bin/unwrapped/win64.o/xelab.exe -wto 05af35f7a551482ba936c43f0955f797 --incr --debug typical --relax --mt 2 -L xil_defaultlib -L unisims_ver -L unimacro_ver -L secureip --snapshot addsubsim_behav xil_defaultlib.addsubsim xil_defaultlib.glbl -log elaborate.log 
Using 2 slave threads.
Starting static elaboration
Completed static elaboration
Starting simulation data flow analysis
Completed simulation data flow analysis
Time Resolution for simulation is 1ps
Compiling module xil_defaultlib.halfadder
Compiling module xil_defaultlib.fulladder
Compiling module xil_defaultlib.addsub
Compiling module xil_defaultlib.addsubsim
Compiling module xil_defaultlib.glbl
Built simulation snapshot addsubsim_behav
INFO: [USF-XSim-69] 'elaborate' step finished in '3' seconds
Vivado Simulator 2018.3
Time resolution is 1 ps
relaunch_sim: Time (s): cpu = 00:00:00 ; elapsed = 00:00:06 . Memory (MB): peak = 1311.410 ; gain = 0.000
relaunch_sim
INFO: [Vivado 12-5682] Launching behavioral simulation in 'D:/microcontroller/vivadodesign/addsub/addsub.sim/sim_1/behav/xsim'
INFO: [SIM-utils-51] Simulation object is 'sim_1'
INFO: [SIM-utils-54] Inspecting design source files for 'addsubsim' in fileset 'sim_1'...
INFO: [USF-XSim-97] Finding global include files...
INFO: [USF-XSim-98] Fetching design files from 'sim_1'...
INFO: [USF-XSim-2] XSim::Compile design
INFO: [USF-XSim-61] Executing 'COMPILE and ANALYZE' step in 'D:/microcontroller/vivadodesign/addsub/addsub.sim/sim_1/behav/xsim'
"xvlog --incr --relax -prj addsubsim_vlog.prj"
INFO: [VRFC 10-2263] Analyzing Verilog file "D:/microcontroller/vivadodesign/addsub/addsub.srcs/sources_1/new/addsub.v" into library xil_defaultlib
INFO: [VRFC 10-311] analyzing module addsub
INFO: [VRFC 10-2263] Analyzing Verilog file "D:/microcontroller/vivadodesign/fulladder/fulladder.srcs/sources_1/new/fulladder.v" into library xil_defaultlib
INFO: [VRFC 10-311] analyzing module fulladder
INFO: [VRFC 10-2263] Analyzing Verilog file "D:/microcontroller/vivadodesign/halfadder/halfadder.srcs/sources_1/new/halfadder.v" into library xil_defaultlib
INFO: [VRFC 10-311] analyzing module halfadder
INFO: [VRFC 10-2263] Analyzing Verilog file "D:/microcontroller/vivadodesign/addsub/addsub.srcs/sim_1/new/addsubsim.v" into library xil_defaultlib
INFO: [VRFC 10-311] analyzing module addsubsim
INFO: [USF-XSim-69] 'compile' step finished in '1' seconds
INFO: [Vivado 12-5682] Launching behavioral simulation in 'D:/microcontroller/vivadodesign/addsub/addsub.sim/sim_1/behav/xsim'
INFO: [USF-XSim-3] XSim::Elaborate design
INFO: [USF-XSim-61] Executing 'ELABORATE' step in 'D:/microcontroller/vivadodesign/addsub/addsub.sim/sim_1/behav/xsim'
Vivado Simulator 2018.3
Copyright 1986-1999, 2001-2018 Xilinx, Inc. All Rights Reserved.
Running: D:/Xilinx/Vivado/2018.3/bin/unwrapped/win64.o/xelab.exe -wto 05af35f7a551482ba936c43f0955f797 --incr --debug typical --relax --mt 2 -L xil_defaultlib -L unisims_ver -L unimacro_ver -L secureip --snapshot addsubsim_behav xil_defaultlib.addsubsim xil_defaultlib.glbl -log elaborate.log 
Using 2 slave threads.
Starting static elaboration
Completed static elaboration
Starting simulation data flow analysis
Completed simulation data flow analysis
Time Resolution for simulation is 1ps
Compiling module xil_defaultlib.halfadder
Compiling module xil_defaultlib.fulladder
Compiling module xil_defaultlib.addsub
Compiling module xil_defaultlib.addsubsim
Compiling module xil_defaultlib.glbl
Built simulation snapshot addsubsim_behav
INFO: [USF-XSim-69] 'elaborate' step finished in '3' seconds
Vivado Simulator 2018.3
Time resolution is 1 ps
relaunch_sim: Time (s): cpu = 00:00:01 ; elapsed = 00:00:07 . Memory (MB): peak = 1312.418 ; gain = 0.000
refresh_design
---------------------------------------------------------------------------------
Starting RTL Elaboration : Time (s): cpu = 00:00:02 ; elapsed = 00:00:02 . Memory (MB): peak = 1347.586 ; gain = 0.000
---------------------------------------------------------------------------------
INFO: [Synth 8-6157] synthesizing module 'addsub' [D:/microcontroller/vivadodesign/addsub/addsub.srcs/sources_1/new/addsub.v:23]
INFO: [Synth 8-6157] synthesizing module 'fulladder' [D:/microcontroller/vivadodesign/fulladder/fulladder.srcs/sources_1/new/fulladder.v:23]
INFO: [Synth 8-6157] synthesizing module 'halfadder' [D:/microcontroller/vivadodesign/halfadder/halfadder.srcs/sources_1/new/halfadder.v:23]
INFO: [Synth 8-6155] done synthesizing module 'halfadder' (1#1) [D:/microcontroller/vivadodesign/halfadder/halfadder.srcs/sources_1/new/halfadder.v:23]
INFO: [Synth 8-6155] done synthesizing module 'fulladder' (2#1) [D:/microcontroller/vivadodesign/fulladder/fulladder.srcs/sources_1/new/fulladder.v:23]
INFO: [Synth 8-6155] done synthesizing module 'addsub' (3#1) [D:/microcontroller/vivadodesign/addsub/addsub.srcs/sources_1/new/addsub.v:23]
---------------------------------------------------------------------------------
Finished RTL Elaboration : Time (s): cpu = 00:00:03 ; elapsed = 00:00:03 . Memory (MB): peak = 1380.402 ; gain = 32.816
---------------------------------------------------------------------------------

Report Check Netlist: 
+------+------------------+-------+---------+-------+------------------+
|      |Item              |Errors |Warnings |Status |Description       |
+------+------------------+-------+---------+-------+------------------+
|1     |multi_driven_nets |      0|        0|Passed |Multi driven nets |
+------+------------------+-------+---------+-------+------------------+
---------------------------------------------------------------------------------
Start Handling Custom Attributes
---------------------------------------------------------------------------------
---------------------------------------------------------------------------------
Finished Handling Custom Attributes : Time (s): cpu = 00:00:03 ; elapsed = 00:00:03 . Memory (MB): peak = 1380.402 ; gain = 32.816
---------------------------------------------------------------------------------
---------------------------------------------------------------------------------
Finished RTL Optimization Phase 1 : Time (s): cpu = 00:00:03 ; elapsed = 00:00:03 . Memory (MB): peak = 1380.402 ; gain = 32.816
---------------------------------------------------------------------------------
INFO: [Project 1-570] Preparing netlist for logic optimization

Processing XDC Constraints
Initializing timing engine
Completed Processing XDC Constraints

INFO: [Opt 31-138] Pushed 0 inverter(s) to 0 load pin(s).
refresh_design: Time (s): cpu = 00:00:13 ; elapsed = 00:00:09 . Memory (MB): peak = 1511.129 ; gain = 163.543
close_sim
INFO: [Simtcl 6-16] Simulation closed
launch_simulation
INFO: [Vivado 12-5682] Launching behavioral simulation in 'D:/microcontroller/vivadodesign/addsub/addsub.sim/sim_1/behav/xsim'
INFO: [SIM-utils-51] Simulation object is 'sim_1'
INFO: [SIM-utils-54] Inspecting design source files for 'addsubsim' in fileset 'sim_1'...
INFO: [USF-XSim-97] Finding global include files...
INFO: [USF-XSim-98] Fetching design files from 'sim_1'...
INFO: [USF-XSim-2] XSim::Compile design
INFO: [USF-XSim-61] Executing 'COMPILE and ANALYZE' step in 'D:/microcontroller/vivadodesign/addsub/addsub.sim/sim_1/behav/xsim'
"xvlog --incr --relax -prj addsubsim_vlog.prj"
INFO: [USF-XSim-69] 'compile' step finished in '2' seconds
INFO: [USF-XSim-3] XSim::Elaborate design
INFO: [USF-XSim-61] Executing 'ELABORATE' step in 'D:/microcontroller/vivadodesign/addsub/addsub.sim/sim_1/behav/xsim'
Vivado Simulator 2018.3
Copyright 1986-1999, 2001-2018 Xilinx, Inc. All Rights Reserved.
Running: D:/Xilinx/Vivado/2018.3/bin/unwrapped/win64.o/xelab.exe -wto 05af35f7a551482ba936c43f0955f797 --incr --debug typical --relax --mt 2 -L xil_defaultlib -L unisims_ver -L unimacro_ver -L secureip --snapshot addsubsim_behav xil_defaultlib.addsubsim xil_defaultlib.glbl -log elaborate.log 
Using 2 slave threads.
Starting static elaboration
Completed static elaboration
INFO: [XSIM 43-4323] No Change in HDL. Linking previously generated obj files to create kernel
INFO: [USF-XSim-69] 'elaborate' step finished in '2' seconds
INFO: [USF-XSim-4] XSim::Simulate design
INFO: [USF-XSim-61] Executing 'SIMULATE' step in 'D:/microcontroller/vivadodesign/addsub/addsub.sim/sim_1/behav/xsim'
INFO: [USF-XSim-98] *** Running xsim
   with args "addsubsim_behav -key {Behavioral:sim_1:Functional:addsubsim} -tclbatch {addsubsim.tcl} -log {simulate.log}"
INFO: [USF-XSim-8] Loading simulator feature
Vivado Simulator 2018.3
Time resolution is 1 ps
source addsubsim.tcl
# set curr_wave [current_wave_config]
# if { [string length $curr_wave] == 0 } {
#   if { [llength [get_objects]] > 0} {
#     add_wave /
#     set_property needs_save false [current_wave_config]
#   } else {
#      send_msg_id Add_Wave-1 WARNING "No top level signals found. Simulator will start without a wave window. If you want to open a wave window go to 'File->New Waveform Configuration' or type 'create_wave_config' in the TCL console."
#   }
# }
# run 1000ns
INFO: [USF-XSim-96] XSim completed. Design snapshot 'addsubsim_behav' loaded.
INFO: [USF-XSim-97] XSim simulation ran for 1000ns
launch_simulation: Time (s): cpu = 00:00:03 ; elapsed = 00:00:06 . Memory (MB): peak = 1574.441 ; gain = 0.000
relaunch_sim
INFO: [Vivado 12-5682] Launching behavioral simulation in 'D:/microcontroller/vivadodesign/addsub/addsub.sim/sim_1/behav/xsim'
INFO: [SIM-utils-51] Simulation object is 'sim_1'
INFO: [SIM-utils-54] Inspecting design source files for 'addsubsim' in fileset 'sim_1'...
INFO: [USF-XSim-97] Finding global include files...
INFO: [USF-XSim-98] Fetching design files from 'sim_1'...
INFO: [USF-XSim-2] XSim::Compile design
INFO: [USF-XSim-61] Executing 'COMPILE and ANALYZE' step in 'D:/microcontroller/vivadodesign/addsub/addsub.sim/sim_1/behav/xsim'
"xvlog --incr --relax -prj addsubsim_vlog.prj"
INFO: [VRFC 10-2263] Analyzing Verilog file "D:/microcontroller/vivadodesign/addsub/addsub.srcs/sources_1/new/addsub.v" into library xil_defaultlib
INFO: [VRFC 10-311] analyzing module addsub
INFO: [VRFC 10-2263] Analyzing Verilog file "D:/microcontroller/vivadodesign/fulladder/fulladder.srcs/sources_1/new/fulladder.v" into library xil_defaultlib
INFO: [VRFC 10-311] analyzing module fulladder
INFO: [VRFC 10-2263] Analyzing Verilog file "D:/microcontroller/vivadodesign/halfadder/halfadder.srcs/sources_1/new/halfadder.v" into library xil_defaultlib
INFO: [VRFC 10-311] analyzing module halfadder
INFO: [VRFC 10-2263] Analyzing Verilog file "D:/microcontroller/vivadodesign/addsub/addsub.srcs/sim_1/new/addsubsim.v" into library xil_defaultlib
INFO: [VRFC 10-311] analyzing module addsubsim
INFO: [USF-XSim-69] 'compile' step finished in '2' seconds
INFO: [Vivado 12-5682] Launching behavioral simulation in 'D:/microcontroller/vivadodesign/addsub/addsub.sim/sim_1/behav/xsim'
INFO: [USF-XSim-3] XSim::Elaborate design
INFO: [USF-XSim-61] Executing 'ELABORATE' step in 'D:/microcontroller/vivadodesign/addsub/addsub.sim/sim_1/behav/xsim'
Vivado Simulator 2018.3
Copyright 1986-1999, 2001-2018 Xilinx, Inc. All Rights Reserved.
Running: D:/Xilinx/Vivado/2018.3/bin/unwrapped/win64.o/xelab.exe -wto 05af35f7a551482ba936c43f0955f797 --incr --debug typical --relax --mt 2 -L xil_defaultlib -L unisims_ver -L unimacro_ver -L secureip --snapshot addsubsim_behav xil_defaultlib.addsubsim xil_defaultlib.glbl -log elaborate.log 
Using 2 slave threads.
Starting static elaboration
Completed static elaboration
Starting simulation data flow analysis
Completed simulation data flow analysis
Time Resolution for simulation is 1ps
Compiling module xil_defaultlib.halfadder
Compiling module xil_defaultlib.fulladder
Compiling module xil_defaultlib.addsub
Compiling module xil_defaultlib.addsubsim
Compiling module xil_defaultlib.glbl
Built simulation snapshot addsubsim_behav
INFO: [USF-XSim-69] 'elaborate' step finished in '2' seconds
Vivado Simulator 2018.3
Time resolution is 1 ps
relaunch_sim: Time (s): cpu = 00:00:01 ; elapsed = 00:00:06 . Memory (MB): peak = 1574.441 ; gain = 0.000
close_sim
INFO: [Simtcl 6-16] Simulation closed
close_sim: Time (s): cpu = 00:00:02 ; elapsed = 00:00:07 . Memory (MB): peak = 1574.441 ; gain = 0.000
exit
INFO: [Common 17-206] Exiting Vivado at Sat Jul 27 19:09:56 2019...
