#-----------------------------------------------------------
# Vivado v2018.3 (64-bit)
# SW Build 2405991 on Thu Dec  6 23:38:27 MST 2018
# IP Build 2404404 on Fri Dec  7 01:43:56 MST 2018
# Start of session at: Fri Jul 26 19:59:27 2019
# Process ID: 27528
# Current directory: D:/microcontroller/vivadodesign/addsub
# Command line: vivado.exe -gui_launcher_event rodinguilauncherevent16704 D:\microcontroller\vivadodesign\addsub\addsub.xpr
# Log file: D:/microcontroller/vivadodesign/addsub/vivado.log
# Journal file: D:/microcontroller/vivadodesign/addsub\vivado.jou
#-----------------------------------------------------------
start_gui
open_project D:/microcontroller/vivadodesign/addsub/addsub.xpr
Scanning sources...
Finished scanning sources
INFO: [IP_Flow 19-234] Refreshing IP repositories
INFO: [IP_Flow 19-1704] No user IP repositories specified
INFO: [IP_Flow 19-2313] Loaded Vivado IP repository 'D:/Xilinx/Vivado/2018.3/data/ip'.
open_project: Time (s): cpu = 00:00:26 ; elapsed = 00:00:51 . Memory (MB): peak = 709.523 ; gain = 130.859
update_compile_order -fileset sources_1
add_files -norecurse -scan_for_includes D:/microcontroller/vivadodesign/fulladder/fulladder.srcs/sources_1/new/fulladder.v
update_compile_order -fileset sources_1
update_compile_order -fileset sources_1
launch_runs synth_1 -jobs 3
[Fri Jul 26 21:46:54 2019] Launched synth_1...
Run output will be captured here: D:/microcontroller/vivadodesign/addsub/addsub.runs/synth_1/runme.log
add_files -norecurse -scan_for_includes D:/microcontroller/vivadodesign/halfadder/halfadder.srcs/sources_1/new/halfadder.v
update_compile_order -fileset sources_1
set_property top addsub [current_fileset]
update_compile_order -fileset sources_1
reset_run synth_1
launch_runs synth_1 -jobs 3
[Fri Jul 26 21:49:49 2019] Launched synth_1...
Run output will be captured here: D:/microcontroller/vivadodesign/addsub/addsub.runs/synth_1/runme.log
export_ip_user_files -of_objects  [get_files D:/microcontroller/vivadodesign/fulladder/fulladder.srcs/sources_1/new/fulladder.v] -no_script -reset -force -quiet
remove_files  D:/microcontroller/vivadodesign/fulladder/fulladder.srcs/sources_1/new/fulladder.v
export_ip_user_files -of_objects  [get_files D:/microcontroller/vivadodesign/halfadder/halfadder.srcs/sources_1/new/halfadder.v] -no_script -reset -force -quiet
remove_files  D:/microcontroller/vivadodesign/halfadder/halfadder.srcs/sources_1/new/halfadder.v
WARNING: [filemgmt 56-199] Attempt to get parsing info during refresh. "On-the-fly" syntax checking information may be incorrect. [D:/microcontroller/vivadodesign/addsub/addsub.srcs/sources_1/new/addsub.v:]
ERROR: [Common 17-180] Spawn failed: No error
add_files -norecurse -scan_for_includes D:/microcontroller/vivadodesign/fulladder/fulladder.srcs/sources_1/new/fulladder.v
update_compile_order -fileset sources_1
add_files -norecurse -scan_for_includes D:/microcontroller/vivadodesign/halfadder/halfadder.srcs/sources_1/new/halfadder.v
update_compile_order -fileset sources_1
reset_run synth_1
launch_runs synth_1 -jobs 3
[Fri Jul 26 22:51:58 2019] Launched synth_1...
Run output will be captured here: D:/microcontroller/vivadodesign/addsub/addsub.runs/synth_1/runme.log
reset_run synth_1
launch_runs synth_1 -jobs 3
[Fri Jul 26 22:54:18 2019] Launched synth_1...
Run output will be captured here: D:/microcontroller/vivadodesign/addsub/addsub.runs/synth_1/runme.log
reset_run synth_1
launch_runs synth_1 -jobs 3
[Fri Jul 26 23:20:27 2019] Launched synth_1...
Run output will be captured here: D:/microcontroller/vivadodesign/addsub/addsub.runs/synth_1/runme.log
reset_run synth_1
launch_runs synth_1 -jobs 3
[Fri Jul 26 23:29:02 2019] Launched synth_1...
Run output will be captured here: D:/microcontroller/vivadodesign/addsub/addsub.runs/synth_1/runme.log
