
*** Running vivado
    with args -log increment.vds -m64 -product Vivado -mode batch -messageDb vivado.pb -notrace -source increment.tcl


****** Vivado v2018.3 (64-bit)
  **** SW Build 2405991 on Thu Dec  6 23:38:27 MST 2018
  **** IP Build 2404404 on Fri Dec  7 01:43:56 MST 2018
    ** Copyright 1986-2018 Xilinx, Inc. All Rights Reserved.

source increment.tcl -notrace
Command: synth_design -top increment -part xc7a100tcsg324-1
Starting synth_design
Attempting to get a license for feature 'Synthesis' and/or device 'xc7a100t'
INFO: [Common 17-349] Got license for feature 'Synthesis' and/or device 'xc7a100t'
INFO: Launching helper process for spawning children vivado processes
INFO: Helper process launched with PID 20356 
---------------------------------------------------------------------------------
Starting Synthesize : Time (s): cpu = 00:00:02 ; elapsed = 00:00:03 . Memory (MB): peak = 438.262 ; gain = 97.855
---------------------------------------------------------------------------------
INFO: [Synth 8-6157] synthesizing module 'increment' [D:/microcontroller/vivadodesign/increment/increment.srcs/sources_1/new/increment.v:23]
WARNING: [Synth 8-311] ignoring non-constant assignment in initial block [D:/microcontroller/vivadodesign/increment/increment.srcs/sources_1/new/increment.v:28]
WARNING: [Synth 8-3848] Net dout in module/entity increment does not have driver. [D:/microcontroller/vivadodesign/increment/increment.srcs/sources_1/new/increment.v:24]
INFO: [Synth 8-6155] done synthesizing module 'increment' (1#1) [D:/microcontroller/vivadodesign/increment/increment.srcs/sources_1/new/increment.v:23]
WARNING: [Synth 8-3330] design increment has an empty top module
WARNING: [Synth 8-3331] design increment has unconnected port dout[7]
WARNING: [Synth 8-3331] design increment has unconnected port dout[6]
WARNING: [Synth 8-3331] design increment has unconnected port dout[5]
WARNING: [Synth 8-3331] design increment has unconnected port dout[4]
WARNING: [Synth 8-3331] design increment has unconnected port dout[3]
WARNING: [Synth 8-3331] design increment has unconnected port dout[2]
WARNING: [Synth 8-3331] design increment has unconnected port dout[1]
WARNING: [Synth 8-3331] design increment has unconnected port dout[0]
WARNING: [Synth 8-3331] design increment has unconnected port din[7]
WARNING: [Synth 8-3331] design increment has unconnected port din[6]
WARNING: [Synth 8-3331] design increment has unconnected port din[5]
WARNING: [Synth 8-3331] design increment has unconnected port din[4]
WARNING: [Synth 8-3331] design increment has unconnected port din[3]
WARNING: [Synth 8-3331] design increment has unconnected port din[2]
WARNING: [Synth 8-3331] design increment has unconnected port din[1]
WARNING: [Synth 8-3331] design increment has unconnected port din[0]
---------------------------------------------------------------------------------
Finished Synthesize : Time (s): cpu = 00:00:03 ; elapsed = 00:00:04 . Memory (MB): peak = 493.586 ; gain = 153.180
---------------------------------------------------------------------------------
---------------------------------------------------------------------------------
Finished Constraint Validation : Time (s): cpu = 00:00:03 ; elapsed = 00:00:04 . Memory (MB): peak = 493.586 ; gain = 153.180
---------------------------------------------------------------------------------
---------------------------------------------------------------------------------
Start Loading Part and Timing Information
---------------------------------------------------------------------------------
Loading part: xc7a100tcsg324-1
---------------------------------------------------------------------------------
INFO: [Device 21-403] Loading part xc7a100tcsg324-1
Finished Loading Part and Timing Information : Time (s): cpu = 00:00:03 ; elapsed = 00:00:04 . Memory (MB): peak = 493.586 ; gain = 153.180
---------------------------------------------------------------------------------
---------------------------------------------------------------------------------
Finished RTL Optimization Phase 2 : Time (s): cpu = 00:00:03 ; elapsed = 00:00:04 . Memory (MB): peak = 493.586 ; gain = 153.180
---------------------------------------------------------------------------------

Report RTL Partitions: 
+-+--------------+------------+----------+
| |RTL Partition |Replication |Instances |
+-+--------------+------------+----------+
+-+--------------+------------+----------+
No constraint files found.
---------------------------------------------------------------------------------
Start RTL Component Statistics 
---------------------------------------------------------------------------------
Detailed RTL Component Info : 
---------------------------------------------------------------------------------
Finished RTL Component Statistics 
---------------------------------------------------------------------------------
---------------------------------------------------------------------------------
Start RTL Hierarchical Component Statistics 
---------------------------------------------------------------------------------
Hierarchical RTL Component report 
---------------------------------------------------------------------------------
Finished RTL Hierarchical Component Statistics
---------------------------------------------------------------------------------
---------------------------------------------------------------------------------
Start Part Resource Summary
---------------------------------------------------------------------------------
Part Resources:
DSPs: 240 (col length:80)
BRAMs: 270 (col length: RAMB18 80 RAMB36 40)
---------------------------------------------------------------------------------
Finished Part Resource Summary
---------------------------------------------------------------------------------
No constraint files found.
---------------------------------------------------------------------------------
Start Cross Boundary and Area Optimization
---------------------------------------------------------------------------------
Warning: Parallel synthesis criteria is not met 
WARNING: [Synth 8-3330] design increment has an empty top module
WARNING: [Synth 8-3331] design increment has unconnected port dout[7]
WARNING: [Synth 8-3331] design increment has unconnected port dout[6]
WARNING: [Synth 8-3331] design increment has unconnected port dout[5]
WARNING: [Synth 8-3331] design increment has unconnected port dout[4]
WARNING: [Synth 8-3331] design increment has unconnected port dout[3]
WARNING: [Synth 8-3331] design increment has unconnected port dout[2]
WARNING: [Synth 8-3331] design increment has unconnected port dout[1]
WARNING: [Synth 8-3331] design increment has unconnected port dout[0]
WARNING: [Synth 8-3331] design increment has unconnected port din[7]
WARNING: [Synth 8-3331] design increment has unconnected port din[6]
WARNING: [Synth 8-3331] design increment has unconnected port din[5]
WARNING: [Synth 8-3331] design increment has unconnected port din[4]
WARNING: [Synth 8-3331] design increment has unconnected port din[3]
WARNING: [Synth 8-3331] design increment has unconnected port din[2]
WARNING: [Synth 8-3331] design increment has unconnected port din[1]
WARNING: [Synth 8-3331] design increment has unconnected port din[0]
---------------------------------------------------------------------------------
Finished Cross Boundary and Area Optimization : Time (s): cpu = 00:00:06 ; elapsed = 00:00:07 . Memory (MB): peak = 610.207 ; gain = 269.801
---------------------------------------------------------------------------------

Report RTL Partitions: 
+-+--------------+------------+----------+
| |RTL Partition |Replication |Instances |
+-+--------------+------------+----------+
+-+--------------+------------+----------+
No constraint files found.
---------------------------------------------------------------------------------
Start Timing Optimization
---------------------------------------------------------------------------------
---------------------------------------------------------------------------------
Finished Timing Optimization : Time (s): cpu = 00:00:06 ; elapsed = 00:00:07 . Memory (MB): peak = 610.207 ; gain = 269.801
---------------------------------------------------------------------------------

Report RTL Partitions: 
+-+--------------+------------+----------+
| |RTL Partition |Replication |Instances |
+-+--------------+------------+----------+
+-+--------------+------------+----------+
---------------------------------------------------------------------------------
Start Technology Mapping
---------------------------------------------------------------------------------
---------------------------------------------------------------------------------
Finished Technology Mapping : Time (s): cpu = 00:00:06 ; elapsed = 00:00:07 . Memory (MB): peak = 618.883 ; gain = 278.477
---------------------------------------------------------------------------------

Report RTL Partitions: 
+-+--------------+------------+----------+
| |RTL Partition |Replication |Instances |
+-+--------------+------------+----------+
+-+--------------+------------+----------+
---------------------------------------------------------------------------------
Start IO Insertion
---------------------------------------------------------------------------------
---------------------------------------------------------------------------------
Start Flattening Before IO Insertion
---------------------------------------------------------------------------------
---------------------------------------------------------------------------------
Finished Flattening Before IO Insertion
---------------------------------------------------------------------------------
---------------------------------------------------------------------------------
Start Final Netlist Cleanup
---------------------------------------------------------------------------------
---------------------------------------------------------------------------------
Finished Final Netlist Cleanup
---------------------------------------------------------------------------------
---------------------------------------------------------------------------------
Finished IO Insertion : Time (s): cpu = 00:00:07 ; elapsed = 00:00:08 . Memory (MB): peak = 618.883 ; gain = 278.477
---------------------------------------------------------------------------------

Report Check Netlist: 
+------+------------------+-------+---------+-------+------------------+
|      |Item              |Errors |Warnings |Status |Description       |
+------+------------------+-------+---------+-------+------------------+
|1     |multi_driven_nets |      0|        0|Passed |Multi driven nets |
+------+------------------+-------+---------+-------+------------------+
---------------------------------------------------------------------------------
Start Renaming Generated Instances
---------------------------------------------------------------------------------
---------------------------------------------------------------------------------
Finished Renaming Generated Instances : Time (s): cpu = 00:00:07 ; elapsed = 00:00:08 . Memory (MB): peak = 618.883 ; gain = 278.477
---------------------------------------------------------------------------------

Report RTL Partitions: 
+-+--------------+------------+----------+
| |RTL Partition |Replication |Instances |
+-+--------------+------------+----------+
+-+--------------+------------+----------+
---------------------------------------------------------------------------------
Start Rebuilding User Hierarchy
---------------------------------------------------------------------------------
---------------------------------------------------------------------------------
Finished Rebuilding User Hierarchy : Time (s): cpu = 00:00:07 ; elapsed = 00:00:08 . Memory (MB): peak = 618.883 ; gain = 278.477
---------------------------------------------------------------------------------
---------------------------------------------------------------------------------
Start Renaming Generated Ports
---------------------------------------------------------------------------------
---------------------------------------------------------------------------------
Finished Renaming Generated Ports : Time (s): cpu = 00:00:07 ; elapsed = 00:00:08 . Memory (MB): peak = 618.883 ; gain = 278.477
---------------------------------------------------------------------------------
---------------------------------------------------------------------------------
Start Handling Custom Attributes
---------------------------------------------------------------------------------
---------------------------------------------------------------------------------
Finished Handling Custom Attributes : Time (s): cpu = 00:00:07 ; elapsed = 00:00:08 . Memory (MB): peak = 618.883 ; gain = 278.477
---------------------------------------------------------------------------------
---------------------------------------------------------------------------------
Start Renaming Generated Nets
---------------------------------------------------------------------------------
---------------------------------------------------------------------------------
Finished Renaming Generated Nets : Time (s): cpu = 00:00:07 ; elapsed = 00:00:08 . Memory (MB): peak = 618.883 ; gain = 278.477
---------------------------------------------------------------------------------
---------------------------------------------------------------------------------
Start Writing Synthesis Report
---------------------------------------------------------------------------------

Report BlackBoxes: 
+-+--------------+----------+
| |BlackBox name |Instances |
+-+--------------+----------+
+-+--------------+----------+

Report Cell Usage: 
+------+------+------+
|      |Cell  |Count |
+------+------+------+
|1     |OBUFT |     8|
+------+------+------+

Report Instance Areas: 
+------+---------+-------+------+
|      |Instance |Module |Cells |
+------+---------+-------+------+
|1     |top      |       |     8|
+------+---------+-------+------+
---------------------------------------------------------------------------------
Finished Writing Synthesis Report : Time (s): cpu = 00:00:07 ; elapsed = 00:00:08 . Memory (MB): peak = 618.883 ; gain = 278.477
---------------------------------------------------------------------------------
Synthesis finished with 0 errors, 0 critical warnings and 36 warnings.
Synthesis Optimization Runtime : Time (s): cpu = 00:00:07 ; elapsed = 00:00:08 . Memory (MB): peak = 618.883 ; gain = 278.477
Synthesis Optimization Complete : Time (s): cpu = 00:00:07 ; elapsed = 00:00:08 . Memory (MB): peak = 618.883 ; gain = 278.477
INFO: [Project 1-571] Translating synthesized netlist
INFO: [Project 1-570] Preparing netlist for logic optimization
INFO: [Opt 31-138] Pushed 0 inverter(s) to 0 load pin(s).
Netlist sorting complete. Time (s): cpu = 00:00:00 ; elapsed = 00:00:00 . Memory (MB): peak = 728.816 ; gain = 0.000
INFO: [Project 1-111] Unisim Transformation Summary:
No Unisim elements were transformed.

INFO: [Common 17-83] Releasing license: Synthesis
9 Infos, 36 Warnings, 0 Critical Warnings and 0 Errors encountered.
synth_design completed successfully
synth_design: Time (s): cpu = 00:00:12 ; elapsed = 00:00:14 . Memory (MB): peak = 728.816 ; gain = 401.418
Netlist sorting complete. Time (s): cpu = 00:00:00 ; elapsed = 00:00:00 . Memory (MB): peak = 728.816 ; gain = 0.000
WARNING: [Constraints 18-5210] No constraints selected for write.
Resolution: This message can indicate that there are no constraints for the design, or it can indicate that the used_in flags are set such that the constraints are ignored. This later case is used when running synth_design to not write synthesis constraints to the resulting checkpoint. Instead, project constraints are read when the synthesized design is opened.
INFO: [Common 17-1381] The checkpoint 'D:/microcontroller/vivadodesign/increment/increment.runs/synth_1/increment.dcp' has been generated.
INFO: [runtcl-4] Executing : report_utilization -file increment_utilization_synth.rpt -pb increment_utilization_synth.pb
INFO: [Common 17-206] Exiting Vivado at Sun Jul 28 01:01:23 2019...
